f:\cpp\abcbank\bankclient\debug\vc141.pdb
f:\cpp\abcbank\bankclient\debug\vc141.idb
f:\cpp\abcbank\bankclient\debug\queryaccounthistorybillform.obj
f:\cpp\abcbank\bankclient\debug\openaccountform.obj
f:\cpp\abcbank\bankclient\debug\loginform.obj
f:\cpp\abcbank\bankclient\debug\formmanager.obj
f:\cpp\abcbank\bankclient\debug\detailstatementform.obj
f:\cpp\abcbank\bankclient\debug\depositform.obj
f:\cpp\abcbank\bankclient\debug\closeaccountform.obj
f:\cpp\abcbank\bankclient\debug\changepasswordform.obj
f:\cpp\abcbank\bankclient\debug\balanceinquiryform.obj
f:\cpp\abcbank\bankclient\debug\main.obj
f:\cpp\abcbank\bankclient\debug\jwindowbase.obj
f:\cpp\abcbank\bankclient\debug\jwindow.obj
f:\cpp\abcbank\bankclient\debug\jmessagebox.obj
f:\cpp\abcbank\bankclient\debug\jlinktext.obj
f:\cpp\abcbank\bankclient\debug\jlabel.obj
f:\cpp\abcbank\bankclient\debug\jform.obj
f:\cpp\abcbank\bankclient\debug\jedit.obj
f:\cpp\abcbank\bankclient\debug\jbutton.obj
f:\cpp\abcbank\bankclient\debug\japplication.obj
f:\cpp\abcbank\bankclient\debug\withdrawalform.obj
f:\cpp\abcbank\bankclient\debug\validator.obj
f:\cpp\abcbank\bankclient\debug\transferform.obj
f:\cpp\abcbank\bankclient\debug\queryhistorybillform.obj
f:\cpp\abcbank\bankclient\debug\querydaybillform.obj
f:\cpp\abcbank\bankclient\debug\bankclient.tlog\cl.command.1.tlog
f:\cpp\abcbank\bankclient\debug\bankclient.tlog\cl.read.1.tlog
f:\cpp\abcbank\bankclient\debug\bankclient.tlog\cl.write.1.tlog
