  JApplication.cpp
c:\program files (x86)\windows kits\8.1\include\um\combaseapi.h(229): error C2760: 语法错误: 意外的令牌“标识符”，预期的令牌为“类型说明符”
f:\cpp\abcbank\bankclient\jfc\jwindowbase.h(156): warning C4267: “参数”: 从“size_t”转换到“SHORT”，可能丢失数据
  JButton.cpp
c:\program files (x86)\windows kits\8.1\include\um\combaseapi.h(229): error C2760: 语法错误: 意外的令牌“标识符”，预期的令牌为“类型说明符”
f:\cpp\abcbank\bankclient\jfc\jwindowbase.h(156): warning C4267: “参数”: 从“size_t”转换到“SHORT”，可能丢失数据
  JEdit.cpp
c:\program files (x86)\windows kits\8.1\include\um\combaseapi.h(229): error C2760: 语法错误: 意外的令牌“标识符”，预期的令牌为“类型说明符”
f:\cpp\abcbank\bankclient\jfc\jwindowbase.h(156): warning C4267: “参数”: 从“size_t”转换到“SHORT”，可能丢失数据
  JForm.cpp
c:\program files (x86)\windows kits\8.1\include\um\combaseapi.h(229): error C2760: 语法错误: 意外的令牌“标识符”，预期的令牌为“类型说明符”
f:\cpp\abcbank\bankclient\jfc\jwindowbase.h(156): warning C4267: “参数”: 从“size_t”转换到“SHORT”，可能丢失数据
  JLabel.cpp
c:\program files (x86)\windows kits\8.1\include\um\combaseapi.h(229): error C2760: 语法错误: 意外的令牌“标识符”，预期的令牌为“类型说明符”
f:\cpp\abcbank\bankclient\jfc\jwindowbase.h(156): warning C4267: “参数”: 从“size_t”转换到“SHORT”，可能丢失数据
  JLinkText.cpp
c:\program files (x86)\windows kits\8.1\include\um\combaseapi.h(229): error C2760: 语法错误: 意外的令牌“标识符”，预期的令牌为“类型说明符”
f:\cpp\abcbank\bankclient\jfc\jwindowbase.h(156): warning C4267: “参数”: 从“size_t”转换到“SHORT”，可能丢失数据
  JMessageBox.cpp
c:\program files (x86)\windows kits\8.1\include\um\combaseapi.h(229): error C2760: 语法错误: 意外的令牌“标识符”，预期的令牌为“类型说明符”
f:\cpp\abcbank\bankclient\jfc\jwindowbase.h(156): warning C4267: “参数”: 从“size_t”转换到“SHORT”，可能丢失数据
f:\cpp\abcbank\bankclient\jfc\jmessagebox.cpp(16): warning C4267: “+=”: 从“size_t”转换到“short”，可能丢失数据
f:\cpp\abcbank\bankclient\jfc\jmessagebox.cpp(26): warning C4267: “初始化”: 从“size_t”转换到“short”，可能丢失数据
f:\cpp\abcbank\bankclient\jfc\jmessagebox.cpp(63): warning C4267: “参数”: 从“size_t”转换到“SHORT”，可能丢失数据
f:\cpp\abcbank\bankclient\jfc\jmessagebox.cpp(64): warning C4267: “+=”: 从“size_t”转换到“short”，可能丢失数据
f:\cpp\abcbank\bankclient\jfc\jmessagebox.cpp(87): warning C4267: “参数”: 从“size_t”转换到“SHORT”，可能丢失数据
  JWindow.cpp
c:\program files (x86)\windows kits\8.1\include\um\combaseapi.h(229): error C2760: 语法错误: 意外的令牌“标识符”，预期的令牌为“类型说明符”
f:\cpp\abcbank\bankclient\jfc\jwindowbase.h(156): warning C4267: “参数”: 从“size_t”转换到“SHORT”，可能丢失数据
  JWindowBase.cpp
c:\program files (x86)\windows kits\8.1\include\um\combaseapi.h(229): error C2760: 语法错误: 意外的令牌“标识符”，预期的令牌为“类型说明符”
f:\cpp\abcbank\bankclient\jfc\jwindowbase.h(156): warning C4267: “参数”: 从“size_t”转换到“SHORT”，可能丢失数据
f:\cpp\abcbank\bankclient\jfc\jwindowbase.cpp(72): warning C4267: “初始化”: 从“size_t”转换到“SHORT”，可能丢失数据
  main.cpp
f:\cpp\abcbank\bankclient\main.cpp : warning C4819: 该文件包含不能在当前代码页(936)中表示的字符。请将该文件保存为 Unicode 格式以防止数据丢失
c:\program files (x86)\windows kits\8.1\include\um\combaseapi.h(229): error C2760: 语法错误: 意外的令牌“标识符”，预期的令牌为“类型说明符”
f:\cpp\abcbank\bankclient\jfc\jwindowbase.h(156): warning C4267: “参数”: 从“size_t”转换到“SHORT”，可能丢失数据
  BalanceInquiryForm.cpp
c:\program files (x86)\windows kits\8.1\include\um\combaseapi.h(229): error C2760: 语法错误: 意外的令牌“标识符”，预期的令牌为“类型说明符”
f:\cpp\abcbank\bankclient\jfc\jwindowbase.h(156): warning C4267: “参数”: 从“size_t”转换到“SHORT”，可能丢失数据
  ChangePasswordForm.cpp
c:\program files (x86)\windows kits\8.1\include\um\combaseapi.h(229): error C2760: 语法错误: 意外的令牌“标识符”，预期的令牌为“类型说明符”
f:\cpp\abcbank\bankclient\jfc\jwindowbase.h(156): warning C4267: “参数”: 从“size_t”转换到“SHORT”，可能丢失数据
  CloseAccountForm.cpp
c:\program files (x86)\windows kits\8.1\include\um\combaseapi.h(229): error C2760: 语法错误: 意外的令牌“标识符”，预期的令牌为“类型说明符”
f:\cpp\abcbank\bankclient\jfc\jwindowbase.h(156): warning C4267: “参数”: 从“size_t”转换到“SHORT”，可能丢失数据
  DepositForm.cpp
c:\program files (x86)\windows kits\8.1\include\um\combaseapi.h(229): error C2760: 语法错误: 意外的令牌“标识符”，预期的令牌为“类型说明符”
f:\cpp\abcbank\bankclient\jfc\jwindowbase.h(156): warning C4267: “参数”: 从“size_t”转换到“SHORT”，可能丢失数据
  DetailStatementForm.cpp
c:\program files (x86)\windows kits\8.1\include\um\combaseapi.h(229): error C2760: 语法错误: 意外的令牌“标识符”，预期的令牌为“类型说明符”
f:\cpp\abcbank\bankclient\jfc\jwindowbase.h(156): warning C4267: “参数”: 从“size_t”转换到“SHORT”，可能丢失数据
  FormManager.cpp
c:\program files (x86)\windows kits\8.1\include\um\combaseapi.h(229): error C2760: 语法错误: 意外的令牌“标识符”，预期的令牌为“类型说明符”
f:\cpp\abcbank\bankclient\jfc\jwindowbase.h(156): warning C4267: “参数”: 从“size_t”转换到“SHORT”，可能丢失数据
  LoginForm.cpp
c:\program files (x86)\windows kits\8.1\include\um\combaseapi.h(229): error C2760: 语法错误: 意外的令牌“标识符”，预期的令牌为“类型说明符”
f:\cpp\abcbank\bankclient\jfc\jwindowbase.h(156): warning C4267: “参数”: 从“size_t”转换到“SHORT”，可能丢失数据
  MainMenuForm.cpp
c:\program files (x86)\windows kits\8.1\include\um\combaseapi.h(229): error C2760: 语法错误: 意外的令牌“标识符”，预期的令牌为“类型说明符”
f:\cpp\abcbank\bankclient\jfc\jwindowbase.h(156): warning C4267: “参数”: 从“size_t”转换到“SHORT”，可能丢失数据
f:\cpp\abcbank\bankclient\ui\mainmenuform.cpp(36): error C2440: “初始化”: 无法从“const char [16]”转换为“char *”
  f:\cpp\abcbank\bankclient\ui\mainmenuform.cpp(36): note: 从字符串文本转换将丢失 const 限定符(请参阅 /Zc:strictStrings)
f:\cpp\abcbank\bankclient\ui\mainmenuform.cpp(36): error C2440: “初始化”: 无法从“const char [20]”转换为“char *”
  f:\cpp\abcbank\bankclient\ui\mainmenuform.cpp(36): note: 从字符串文本转换将丢失 const 限定符(请参阅 /Zc:strictStrings)
f:\cpp\abcbank\bankclient\ui\mainmenuform.cpp(36): error C2440: “初始化”: 无法从“const char [31]”转换为“char *”
  f:\cpp\abcbank\bankclient\ui\mainmenuform.cpp(36): note: 从字符串文本转换将丢失 const 限定符(请参阅 /Zc:strictStrings)
f:\cpp\abcbank\bankclient\ui\mainmenuform.cpp(36): error C2440: “初始化”: 无法从“const char [26]”转换为“char *”
  f:\cpp\abcbank\bankclient\ui\mainmenuform.cpp(36): note: 从字符串文本转换将丢失 const 限定符(请参阅 /Zc:strictStrings)
f:\cpp\abcbank\bankclient\ui\mainmenuform.cpp(36): error C2440: “初始化”: 无法从“const char [19]”转换为“char *”
  f:\cpp\abcbank\bankclient\ui\mainmenuform.cpp(36): note: 从字符串文本转换将丢失 const 限定符(请参阅 /Zc:strictStrings)
f:\cpp\abcbank\bankclient\ui\mainmenuform.cpp(36): error C2440: “初始化”: 无法从“const char [30]”转换为“char *”
  f:\cpp\abcbank\bankclient\ui\mainmenuform.cpp(36): note: 从字符串文本转换将丢失 const 限定符(请参阅 /Zc:strictStrings)
f:\cpp\abcbank\bankclient\ui\mainmenuform.cpp(36): error C2440: “初始化”: 无法从“const char [22]”转换为“char *”
  f:\cpp\abcbank\bankclient\ui\mainmenuform.cpp(36): note: 从字符串文本转换将丢失 const 限定符(请参阅 /Zc:strictStrings)
f:\cpp\abcbank\bankclient\ui\mainmenuform.cpp(36): error C2440: “初始化”: 无法从“const char [18]”转换为“char *”
  f:\cpp\abcbank\bankclient\ui\mainmenuform.cpp(36): note: 从字符串文本转换将丢失 const 限定符(请参阅 /Zc:strictStrings)
f:\cpp\abcbank\bankclient\ui\mainmenuform.cpp(36): error C2440: “初始化”: 无法从“const char [8]”转换为“char *”
  f:\cpp\abcbank\bankclient\ui\mainmenuform.cpp(36): note: 从字符串文本转换将丢失 const 限定符(请参阅 /Zc:strictStrings)
  OpenAccountForm.cpp
c:\program files (x86)\windows kits\8.1\include\um\combaseapi.h(229): error C2760: 语法错误: 意外的令牌“标识符”，预期的令牌为“类型说明符”
f:\cpp\abcbank\bankclient\jfc\jwindowbase.h(156): warning C4267: “参数”: 从“size_t”转换到“SHORT”，可能丢失数据
  QueryAccountHistoryBillForm.cpp
c:\program files (x86)\windows kits\8.1\include\um\combaseapi.h(229): error C2760: 语法错误: 意外的令牌“标识符”，预期的令牌为“类型说明符”
f:\cpp\abcbank\bankclient\jfc\jwindowbase.h(156): warning C4267: “参数”: 从“size_t”转换到“SHORT”，可能丢失数据
  正在编译...
  QueryDayBillForm.cpp
c:\program files (x86)\windows kits\8.1\include\um\combaseapi.h(229): error C2760: 语法错误: 意外的令牌“标识符”，预期的令牌为“类型说明符”
f:\cpp\abcbank\bankclient\jfc\jwindowbase.h(156): warning C4267: “参数”: 从“size_t”转换到“SHORT”，可能丢失数据
  QueryHistoryBillForm.cpp
c:\program files (x86)\windows kits\8.1\include\um\combaseapi.h(229): error C2760: 语法错误: 意外的令牌“标识符”，预期的令牌为“类型说明符”
f:\cpp\abcbank\bankclient\jfc\jwindowbase.h(156): warning C4267: “参数”: 从“size_t”转换到“SHORT”，可能丢失数据
  TransferForm.cpp
c:\program files (x86)\windows kits\8.1\include\um\combaseapi.h(229): error C2760: 语法错误: 意外的令牌“标识符”，预期的令牌为“类型说明符”
f:\cpp\abcbank\bankclient\jfc\jwindowbase.h(156): warning C4267: “参数”: 从“size_t”转换到“SHORT”，可能丢失数据
  Validator.cpp
  WithdrawalForm.cpp
c:\program files (x86)\windows kits\8.1\include\um\combaseapi.h(229): error C2760: 语法错误: 意外的令牌“标识符”，预期的令牌为“类型说明符”
f:\cpp\abcbank\bankclient\jfc\jwindowbase.h(156): warning C4267: “参数”: 从“size_t”转换到“SHORT”，可能丢失数据
